{"/Users/ray/Desktop/project/kezhuanzhai/frontend-api/server.js": {"path":"/Users/ray/Desktop/project/kezhuanzhai/frontend-api/server.js","statementMap":{"0":{"start":{"line":4,"column":16},"end":{"line":4,"column":34}},"1":{"start":{"line":5,"column":15},"end":{"line":5,"column":32}},"2":{"start":{"line":6,"column":13},"end":{"line":6,"column":28}},"3":{"start":{"line":7,"column":13},"end":{"line":7,"column":28}},"4":{"start":{"line":9,"column":12},"end":{"line":9,"column":21}},"5":{"start":{"line":10,"column":15},"end":{"line":10,"column":58}},"6":{"start":{"line":13,"column":0},"end":{"line":13,"column":16}},"7":{"start":{"line":14,"column":0},"end":{"line":14,"column":41}},"8":{"start":{"line":15,"column":0},"end":{"line":15,"column":63}},"9":{"start":{"line":18,"column":0},"end":{"line":18,"column":46}},"10":{"start":{"line":21,"column":17},"end":{"line":26,"column":1}},"11":{"start":{"line":32,"column":0},"end":{"line":61,"column":3}},"12":{"start":{"line":33,"column":2},"end":{"line":60,"column":3}},"13":{"start":{"line":34,"column":39},"end":{"line":34,"column":47}},"14":{"start":{"line":37,"column":23},"end":{"line":37,"column":47}},"15":{"start":{"line":40,"column":4},"end":{"line":45,"column":6}},"16":{"start":{"line":47,"column":4},"end":{"line":47,"column":83}},"17":{"start":{"line":49,"column":4},"end":{"line":53,"column":7}},"18":{"start":{"line":55,"column":4},"end":{"line":55,"column":36}},"19":{"start":{"line":56,"column":4},"end":{"line":59,"column":7}},"20":{"start":{"line":67,"column":0},"end":{"line":72,"column":3}},"21":{"start":{"line":68,"column":2},"end":{"line":71,"column":5}},"22":{"start":{"line":78,"column":0},"end":{"line":84,"column":3}},"23":{"start":{"line":79,"column":15},"end":{"line":79,"column":53}},"24":{"start":{"line":80,"column":19},"end":{"line":80,"column":44}},"25":{"start":{"line":81,"column":2},"end":{"line":81,"column":59}},"26":{"start":{"line":82,"column":2},"end":{"line":82,"column":127}},"27":{"start":{"line":83,"column":2},"end":{"line":83,"column":27}},"28":{"start":{"line":90,"column":0},"end":{"line":92,"column":3}},"29":{"start":{"line":91,"column":2},"end":{"line":91,"column":51}},"30":{"start":{"line":95,"column":13},"end":{"line":95,"column":37}},"31":{"start":{"line":98,"column":0},"end":{"line":105,"column":1}},"32":{"start":{"line":99,"column":2},"end":{"line":104,"column":5}},"33":{"start":{"line":100,"column":4},"end":{"line":100,"column":57}},"34":{"start":{"line":101,"column":4},"end":{"line":101,"column":54}},"35":{"start":{"line":102,"column":4},"end":{"line":102,"column":49}},"36":{"start":{"line":103,"column":4},"end":{"line":103,"column":55}},"37":{"start":{"line":108,"column":0},"end":{"line":108,"column":21}}},"fnMap":{"0":{"name":"(anonymous_0)","decl":{"start":{"line":32,"column":40},"end":{"line":32,"column":41}},"loc":{"start":{"line":32,"column":54},"end":{"line":61,"column":1}},"line":32},"1":{"name":"(anonymous_1)","decl":{"start":{"line":67,"column":24},"end":{"line":67,"column":25}},"loc":{"start":{"line":67,"column":38},"end":{"line":72,"column":1}},"line":67},"2":{"name":"(anonymous_2)","decl":{"start":{"line":78,"column":33},"end":{"line":78,"column":34}},"loc":{"start":{"line":78,"column":47},"end":{"line":84,"column":1}},"line":78},"3":{"name":"(anonymous_3)","decl":{"start":{"line":90,"column":13},"end":{"line":90,"column":14}},"loc":{"start":{"line":90,"column":27},"end":{"line":92,"column":1}},"line":90},"4":{"name":"(anonymous_4)","decl":{"start":{"line":99,"column":30},"end":{"line":99,"column":31}},"loc":{"start":{"line":99,"column":36},"end":{"line":104,"column":3}},"line":99}},"branchMap":{"0":{"loc":{"start":{"line":37,"column":34},"end":{"line":37,"column":46}},"type":"binary-expr","locations":[{"start":{"line":37,"column":34},"end":{"line":37,"column":38}},{"start":{"line":37,"column":42},"end":{"line":37,"column":46}}],"line":37},"1":{"loc":{"start":{"line":41,"column":12},"end":{"line":41,"column":44}},"type":"binary-expr","locations":[{"start":{"line":41,"column":12},"end":{"line":41,"column":16}},{"start":{"line":41,"column":20},"end":{"line":41,"column":44}}],"line":41},"2":{"loc":{"start":{"line":42,"column":13},"end":{"line":42,"column":33}},"type":"binary-expr","locations":[{"start":{"line":42,"column":13},"end":{"line":42,"column":28}},{"start":{"line":42,"column":32},"end":{"line":42,"column":33}}],"line":42},"3":{"loc":{"start":{"line":44,"column":11},"end":{"line":44,"column":20}},"type":"binary-expr","locations":[{"start":{"line":44,"column":11},"end":{"line":44,"column":14}},{"start":{"line":44,"column":18},"end":{"line":44,"column":20}}],"line":44},"4":{"loc":{"start":{"line":95,"column":13},"end":{"line":95,"column":37}},"type":"binary-expr","locations":[{"start":{"line":95,"column":13},"end":{"line":95,"column":29}},{"start":{"line":95,"column":33},"end":{"line":95,"column":37}}],"line":95},"5":{"loc":{"start":{"line":98,"column":0},"end":{"line":105,"column":1}},"type":"if","locations":[{"start":{"line":98,"column":0},"end":{"line":105,"column":1}},{"start":{},"end":{}}],"line":98}},"s":{"0":1,"1":1,"2":1,"3":1,"4":1,"5":1,"6":1,"7":1,"8":1,"9":1,"10":1,"11":1,"12":4,"13":4,"14":4,"15":3,"16":3,"17":3,"18":1,"19":1,"20":1,"21":3,"22":1,"23":1,"24":1,"25":1,"26":1,"27":1,"28":1,"29":0,"30":1,"31":1,"32":0,"33":0,"34":0,"35":0,"36":0,"37":1},"f":{"0":4,"1":3,"2":1,"3":0,"4":0},"b":{"0":[4,0],"1":[3,0],"2":[3,0],"3":[3,0],"4":[1,1],"5":[0,1]},"_coverageSchema":"1a1c01bbd47fc00a2c39e90264f33305004495a9","hash":"0199f38ae8893f9377ca4170a3fd4e17b837d240"}
}
