TN:
SF:server.js
FN:32,(anonymous_0)
FN:67,(anonymous_1)
FN:78,(anonymous_2)
FN:90,(anonymous_3)
FN:99,(anonymous_4)
FNF:5
FNH:3
FNDA:4,(anonymous_0)
FNDA:3,(anonymous_1)
FNDA:1,(anonymous_2)
FNDA:0,(anonymous_3)
FNDA:0,(anonymous_4)
DA:4,1
DA:5,1
DA:6,1
DA:7,1
DA:9,1
DA:10,1
DA:13,1
DA:14,1
DA:15,1
DA:18,1
DA:21,1
DA:32,1
DA:33,4
DA:34,4
DA:37,4
DA:40,3
DA:47,3
DA:49,3
DA:55,1
DA:56,1
DA:67,1
DA:68,3
DA:78,1
DA:79,1
DA:80,1
DA:81,1
DA:82,1
DA:83,1
DA:90,1
DA:91,0
DA:95,1
DA:98,1
DA:99,0
DA:100,0
DA:101,0
DA:102,0
DA:103,0
DA:108,1
LF:38
LH:32
BRDA:37,0,0,4
BRDA:37,0,1,0
BRDA:41,1,0,3
BRDA:41,1,1,0
BRDA:42,2,0,3
BRDA:42,2,1,0
BRDA:44,3,0,3
BRDA:44,3,1,0
BRDA:95,4,0,1
BRDA:95,4,1,1
BRDA:98,5,0,0
BRDA:98,5,1,1
BRF:12
BRH:7
end_of_record
